TN:
SF:src/routes/chat.ts
FN:9,getAzureAuthService
FN:21,(anonymous_1)
FN:61,(anonymous_2)
FNF:3
FNH:3
FNDA:7,getAzureAuthService
FNDA:4,(anonymous_1)
FNDA:3,(anonymous_2)
DA:1,1
DA:2,1
DA:4,1
DA:7,1
DA:10,7
DA:11,1
DA:12,1
DA:13,1
DA:14,0
DA:17,7
DA:21,1
DA:22,4
DA:24,4
DA:25,4
DA:28,4
DA:29,4
DA:31,4
DA:41,3
DA:42,1
DA:48,2
DA:49,2
DA:52,1
DA:53,1
DA:61,1
DA:62,3
DA:64,3
DA:66,3
DA:76,3
DA:77,3
DA:79,3
DA:80,3
DA:83,3
DA:84,3
DA:85,3
DA:87,3
DA:99,3
DA:100,1
DA:104,2
DA:105,2
DA:106,2
DA:108,2
DA:109,2
DA:110,3
DA:112,3
DA:114,1
DA:115,1
DA:118,2
DA:122,2
DA:125,1
DA:126,1
DA:127,1
DA:131,1
LF:52
LH:51
BRDA:10,0,0,1
BRDA:10,0,1,6
BRDA:13,1,0,0
BRDA:13,1,1,1
BRDA:28,2,0,4
BRDA:28,2,1,1
BRDA:41,3,0,1
BRDA:41,3,1,2
BRDA:83,4,0,3
BRDA:83,4,1,0
BRDA:94,5,0,1
BRDA:94,5,1,2
BRDA:99,6,0,1
BRDA:99,6,1,2
BRDA:104,7,0,2
BRDA:104,7,1,0
BRDA:112,8,0,2
BRDA:112,8,1,1
BRF:18
BRH:15
end_of_record
TN:
SF:src/routes/groundx.ts
FN:10,getGroundXClient
FN:26,getOpenAIClient
FN:85,extractBestScore
FN:105,(anonymous_4)
FN:122,(anonymous_5)
FN:150,(anonymous_6)
FN:189,(anonymous_7)
FN:211,(anonymous_8)
FN:276,(anonymous_9)
FN:309,(anonymous_10)
FN:336,(anonymous_11)
FNF:11
FNH:11
FNDA:12,getGroundXClient
FNDA:4,getOpenAIClient
FNDA:5,extractBestScore
FNDA:3,(anonymous_4)
FNDA:2,(anonymous_5)
FNDA:4,(anonymous_6)
FNDA:4,(anonymous_7)
FNDA:4,(anonymous_8)
FNDA:3,(anonymous_9)
FNDA:3,(anonymous_10)
FNDA:1,(anonymous_11)
DA:1,1
DA:2,1
DA:3,1
DA:5,1
DA:8,1
DA:11,12
DA:12,1
DA:13,0
DA:15,1
DA:16,1
DA:20,12
DA:24,1
DA:27,4
DA:28,1
DA:29,0
DA:31,1
DA:35,4
DA:86,5
DA:95,5
DA:96,17
DA:97,2
DA:101,3
DA:105,1
DA:106,3
DA:107,3
DA:110,3
DA:111,3
DA:113,2
DA:114,1
DA:115,1
DA:122,1
DA:123,2
DA:124,2
DA:133,1
DA:135,1
DA:141,1
DA:142,1
DA:150,1
DA:151,4
DA:152,4
DA:153,4
DA:155,4
DA:157,4
DA:158,0
DA:165,4
DA:166,4
DA:168,4
DA:169,4
DA:174,4
DA:175,4
DA:177,4
DA:179,4
DA:180,0
DA:181,0
DA:185,4
DA:186,4
DA:187,4
DA:189,4
DA:190,4
DA:192,4
DA:207,4
DA:210,4
DA:211,4
DA:214,4
DA:221,4
DA:226,4
DA:227,4
DA:234,3
DA:235,3
DA:236,3
DA:238,3
DA:241,2
DA:257,2
DA:258,1
DA:261,2
DA:263,2
DA:266,2
DA:267,2
DA:276,1
DA:277,3
DA:278,3
DA:279,3
DA:281,3
DA:283,3
DA:284,3
DA:286,2
DA:287,1
DA:293,1
DA:300,1
DA:301,1
DA:309,1
DA:310,3
DA:311,3
DA:313,3
DA:314,1
DA:320,2
DA:322,2
DA:323,2
DA:328,2
DA:329,1
DA:336,1
DA:337,1
DA:339,1
DA:349,1
DA:356,0
DA:357,0
DA:364,1
LF:107
LH:100
BRDA:11,0,0,1
BRDA:11,0,1,11
BRDA:12,1,0,0
BRDA:12,1,1,1
BRDA:15,2,0,1
BRDA:15,2,1,0
BRDA:27,3,0,1
BRDA:27,3,1,3
BRDA:28,4,0,0
BRDA:28,4,1,1
BRDA:96,5,0,2
BRDA:96,5,1,15
BRDA:96,6,0,17
BRDA:96,6,1,2
BRDA:113,7,0,1
BRDA:113,7,1,1
BRDA:113,8,0,2
BRDA:113,8,1,2
BRDA:113,8,2,1
BRDA:125,9,0,2
BRDA:125,9,1,0
BRDA:125,9,2,0
BRDA:125,9,3,0
BRDA:126,10,0,2
BRDA:126,10,1,0
BRDA:126,10,2,0
BRDA:126,10,3,0
BRDA:126,11,0,0
BRDA:126,11,1,0
BRDA:126,11,2,0
BRDA:127,12,0,2
BRDA:127,12,1,0
BRDA:128,13,0,0
BRDA:128,13,1,0
BRDA:129,14,0,0
BRDA:129,14,1,0
BRDA:144,15,0,1
BRDA:144,15,1,0
BRDA:155,16,0,3
BRDA:155,17,0,3
BRDA:157,18,0,0
BRDA:157,18,1,4
BRDA:157,19,0,4
BRDA:157,19,1,4
BRDA:179,20,0,0
BRDA:179,20,1,4
BRDA:186,21,0,4
BRDA:186,21,1,0
BRDA:186,21,2,0
BRDA:195,22,0,4
BRDA:195,22,1,0
BRDA:201,23,0,4
BRDA:201,23,1,4
BRDA:238,24,0,3
BRDA:238,24,1,0
BRDA:257,25,0,1
BRDA:257,25,1,1
BRDA:269,26,0,2
BRDA:269,26,1,0
BRDA:286,27,0,1
BRDA:286,27,1,1
BRDA:303,28,0,1
BRDA:303,28,1,0
BRDA:311,29,0,2
BRDA:313,30,0,1
BRDA:313,30,1,2
BRDA:313,31,0,3
BRDA:313,31,1,2
BRDA:328,32,0,1
BRDA:328,32,1,1
BRDA:342,33,0,1
BRDA:342,33,1,0
BRDA:345,34,0,1
BRDA:345,34,1,1
BRDA:359,35,0,0
BRDA:359,35,1,0
BRF:76
BRH:47
end_of_record
TN:
SF:src/routes/health.ts
FN:6,(anonymous_1)
FNF:1
FNH:1
FNDA:2,(anonymous_1)
DA:1,1
DA:3,1
DA:6,1
DA:7,2
DA:8,2
DA:19,2
DA:21,0
DA:22,0
DA:29,1
LF:9
LH:7
BRF:0
BRH:0
end_of_record
TN:
SF:src/services/azureAuth.ts
FN:14,(anonymous_0)
FN:19,(anonymous_1)
FN:31,(anonymous_2)
FN:57,(anonymous_3)
FN:74,createAzureAuthService
FNF:5
FNH:0
FNDA:0,(anonymous_0)
FNDA:0,(anonymous_1)
FNDA:0,(anonymous_2)
FNDA:0,(anonymous_3)
FNDA:0,createAzureAuthService
DA:1,0
DA:10,0
DA:11,0
DA:15,0
DA:16,0
DA:20,0
DA:28,0
DA:32,0
DA:33,0
DA:36,0
DA:37,0
DA:39,0
DA:43,0
DA:45,0
DA:46,0
DA:49,0
DA:50,0
DA:52,0
DA:53,0
DA:58,0
DA:59,0
DA:60,0
DA:61,0
DA:62,0
DA:64,0
DA:65,0
DA:66,0
DA:69,0
DA:74,0
DA:75,0
DA:82,0
LF:31
LH:0
BRDA:32,0,0,0
BRDA:32,0,1,0
BRDA:45,1,0,0
BRDA:45,1,1,0
BRDA:45,2,0,0
BRDA:45,2,1,0
BRDA:59,3,0,0
BRDA:59,3,1,0
BRDA:60,4,0,0
BRDA:60,4,1,0
BRDA:61,5,0,0
BRDA:61,5,1,0
BRDA:62,6,0,0
BRDA:62,6,1,0
BRDA:64,7,0,0
BRDA:64,7,1,0
BRDA:76,8,0,0
BRDA:76,8,1,0
BRDA:77,9,0,0
BRDA:77,9,1,0
BRDA:78,10,0,0
BRDA:78,10,1,0
BRDA:79,11,0,0
BRDA:79,11,1,0
BRF:24
BRH:0
end_of_record
